[1130/143035:ERROR:process_info.cc(330)] VirtualQueryEx: Access is denied. (0x5)
[1130/143035:ERROR:process_info.cc(547)] ReadMemoryInfo failed
[1130/143035:ERROR:process_reader_win.cc(142)] SuspendThread: Access is denied. (0x5)
[1130/143035:ERROR:exception_snapshot_win.cc(87)] thread ID 9644 not found in process
[1130/143035:WARNING:crash_report_exception_handler.cc(56)] ProcessSnapshotWin::Initialize failed
[1130/143035:ERROR:scoped_process_suspend.cc(38)] NtResumeProcess: An attempt was made to access an exiting process.  (0xc000010a)
[0207/154806.364:ERROR:crash_report_database_win.cc(426)] unexpected header
[0207/155326.395:ERROR:crash_report_database_win.cc(426)] unexpected header
[0207/155359.771:ERROR:crash_report_database_win.cc(426)] unexpected header
[0207/160030.273:ERROR:crash_report_database_win.cc(426)] unexpected header
[0207/160326.397:ERROR:crash_report_database_win.cc(426)] unexpected header
[0207/160326.397:ERROR:crash_report_database_win.cc(426)] unexpected header
[0207/160440.977:ERROR:crash_report_database_win.cc(426)] unexpected header
[0207/161030.274:ERROR:crash_report_database_win.cc(426)] unexpected header
[0207/161030.274:ERROR:crash_report_database_win.cc(426)] unexpected header
[0207/161440.978:ERROR:crash_report_database_win.cc(426)] unexpected header
[0207/161440.978:ERROR:crash_report_database_win.cc(426)] unexpected header
[0207/161530.274:ERROR:crash_report_database_win.cc(426)] unexpected header
[0207/161538.232:ERROR:crash_report_database_win.cc(426)] unexpected header
[0207/161929.284:ERROR:crash_report_database_win.cc(426)] unexpected header
[0207/162629.331:ERROR:crash_report_database_win.cc(426)] unexpected header
[0207/163101.857:ERROR:crash_report_database_win.cc(426)] unexpected header
[0207/163137.974:ERROR:crash_report_database_win.cc(426)] unexpected header
[0207/163455.494:ERROR:crash_report_database_win.cc(426)] unexpected header
[0207/163931.983:ERROR:crash_report_database_win.cc(426)] unexpected header
[0207/164201.166:ERROR:crash_report_database_win.cc(426)] unexpected header
[0207/164907.894:ERROR:crash_report_database_win.cc(426)] unexpected header
[0207/165215.330:ERROR:crash_report_database_win.cc(426)] unexpected header
[0207/165452.870:ERROR:crash_report_database_win.cc(426)] unexpected header
[0207/165948.846:ERROR:crash_report_database_win.cc(426)] unexpected header
[0207/170452.870:ERROR:crash_report_database_win.cc(426)] unexpected header
[0207/170452.870:ERROR:crash_report_database_win.cc(426)] unexpected header
[0207/170756.141:ERROR:crash_report_database_win.cc(426)] unexpected header
[0207/171756.141:ERROR:crash_report_database_win.cc(426)] unexpected header
[0207/171756.141:ERROR:crash_report_database_win.cc(426)] unexpected header
[0207/172256.142:ERROR:crash_report_database_win.cc(426)] unexpected header
[0207/173756.143:ERROR:crash_report_database_win.cc(426)] unexpected header
[0207/173816.319:ERROR:crash_report_database_win.cc(426)] unexpected header
[0207/174816.319:ERROR:crash_report_database_win.cc(426)] unexpected header
[0207/174816.319:ERROR:crash_report_database_win.cc(426)] unexpected header
[0207/175152.016:ERROR:crash_report_database_win.cc(426)] unexpected header
[0207/180152.018:ERROR:crash_report_database_win.cc(426)] unexpected header
[0207/180152.018:ERROR:crash_report_database_win.cc(426)] unexpected header
[0207/180643.938:ERROR:crash_report_database_win.cc(426)] unexpected header
[0207/180652.017:ERROR:crash_report_database_win.cc(426)] unexpected header
[0207/181643.939:ERROR:crash_report_database_win.cc(426)] unexpected header
[0207/181643.939:ERROR:crash_report_database_win.cc(426)] unexpected header
[0207/181840.523:ERROR:crash_report_database_win.cc(426)] unexpected header
[0207/182143.939:ERROR:crash_report_database_win.cc(426)] unexpected header
[0207/182237.326:ERROR:crash_report_database_win.cc(426)] unexpected header
[0207/182610.765:ERROR:crash_report_database_win.cc(426)] unexpected header
[0207/183049.931:ERROR:crash_report_database_win.cc(426)] unexpected header
[0207/183610.765:ERROR:crash_report_database_win.cc(426)] unexpected header
[0207/183610.765:ERROR:crash_report_database_win.cc(426)] unexpected header
[0207/183854.869:ERROR:crash_report_database_win.cc(426)] unexpected header
[0207/184130.746:ERROR:crash_report_database_win.cc(426)] unexpected header
[0207/184519.472:ERROR:crash_report_database_win.cc(426)] unexpected header
[0207/185004.515:ERROR:crash_report_database_win.cc(426)] unexpected header
[0207/185130.746:ERROR:crash_report_database_win.cc(426)] unexpected header
[0207/185130.746:ERROR:crash_report_database_win.cc(426)] unexpected header
[0207/185616.862:ERROR:crash_report_database_win.cc(426)] unexpected header
[0207/190616.863:ERROR:crash_report_database_win.cc(426)] unexpected header
[0207/190616.863:ERROR:crash_report_database_win.cc(426)] unexpected header
[0207/190925.853:ERROR:crash_report_database_win.cc(426)] unexpected header
[0207/191117.019:ERROR:crash_report_database_win.cc(426)] unexpected header
[0207/191850.372:ERROR:crash_report_database_win.cc(426)] unexpected header
[0207/191925.852:ERROR:crash_report_database_win.cc(426)] unexpected header
[0207/191925.852:ERROR:crash_report_database_win.cc(426)] unexpected header
[0207/192425.855:ERROR:crash_report_database_win.cc(426)] unexpected header
[0207/192617.019:ERROR:crash_report_database_win.cc(426)] unexpected header
[0207/192659.941:ERROR:crash_report_database_win.cc(426)] unexpected header
[0207/193113.810:ERROR:crash_report_database_win.cc(426)] unexpected header
[0207/193659.942:ERROR:crash_report_database_win.cc(426)] unexpected header
[0207/193659.942:ERROR:crash_report_database_win.cc(426)] unexpected header
[0207/194113.811:ERROR:crash_report_database_win.cc(426)] unexpected header
[0207/194113.811:ERROR:crash_report_database_win.cc(426)] unexpected header
[0207/194117.020:ERROR:crash_report_database_win.cc(426)] unexpected header
[0207/194137.910:ERROR:crash_report_database_win.cc(426)] unexpected header
[0207/194139.987:ERROR:process_reader_win.cc(142)] SuspendThread: Access is denied. (0x5)
[0207/194139.987:ERROR:process_reader_win.cc(142)] SuspendThread: Access is denied. (0x5)
[0207/194139.987:ERROR:process_reader_win.cc(142)] SuspendThread: Access is denied. (0x5)
[0207/194139.987:ERROR:process_reader_win.cc(142)] SuspendThread: Access is denied. (0x5)
[0207/194139.987:ERROR:process_reader_win.cc(142)] SuspendThread: Access is denied. (0x5)
[0207/194139.987:ERROR:exception_snapshot_win.cc(87)] thread ID 4328 not found in process
[0207/194139.987:WARNING:crash_report_exception_handler.cc(60)] ProcessSnapshotWin::Initialize failed
[0207/195012.946:ERROR:crash_report_database_win.cc(426)] unexpected header
[0207/195137.911:ERROR:crash_report_database_win.cc(426)] unexpected header
[0207/195137.911:ERROR:crash_report_database_win.cc(426)] unexpected header
[0207/195439.802:ERROR:crash_report_database_win.cc(426)] unexpected header
[0207/195637.910:ERROR:crash_report_database_win.cc(426)] unexpected header
[0207/200011.552:ERROR:crash_report_database_win.cc(426)] unexpected header
[0207/200012.946:ERROR:crash_report_database_win.cc(426)] unexpected header
[0207/200012.946:ERROR:crash_report_database_win.cc(426)] unexpected header
[0207/200439.803:ERROR:crash_report_database_win.cc(426)] unexpected header
[0207/200439.803:ERROR:crash_report_database_win.cc(426)] unexpected header
[0207/200512.946:ERROR:crash_report_database_win.cc(426)] unexpected header
[0207/200608.753:ERROR:crash_report_database_win.cc(426)] unexpected header
[0207/201059.609:ERROR:crash_report_database_win.cc(426)] unexpected header
[0207/201520.515:ERROR:crash_report_database_win.cc(426)] unexpected header
[0207/201947.163:ERROR:crash_report_database_win.cc(426)] unexpected header
[0207/202059.609:ERROR:crash_report_database_win.cc(426)] unexpected header
[0207/202059.609:ERROR:crash_report_database_win.cc(426)] unexpected header
[0207/202520.516:ERROR:crash_report_database_win.cc(426)] unexpected header
[0207/202520.516:ERROR:crash_report_database_win.cc(426)] unexpected header
[0207/202559.616:ERROR:crash_report_database_win.cc(426)] unexpected header
[0207/202947.162:ERROR:crash_report_database_win.cc(426)] unexpected header
[0207/202947.162:ERROR:crash_report_database_win.cc(426)] unexpected header
[0207/203020.516:ERROR:crash_report_database_win.cc(426)] unexpected header
[0207/203343.495:ERROR:crash_report_database_win.cc(426)] unexpected header
[0207/203657.860:ERROR:crash_report_database_win.cc(426)] unexpected header
[0207/204134.109:ERROR:crash_report_database_win.cc(426)] unexpected header
[0207/204343.496:ERROR:crash_report_database_win.cc(426)] unexpected header
[0207/204343.496:ERROR:crash_report_database_win.cc(426)] unexpected header
[0207/204524.789:ERROR:crash_report_database_win.cc(426)] unexpected header
[0207/204657.860:ERROR:crash_report_database_win.cc(426)] unexpected header
[0207/204657.860:ERROR:crash_report_database_win.cc(426)] unexpected header
[0207/204950.564:ERROR:crash_report_database_win.cc(426)] unexpected header
[0207/205821.919:ERROR:crash_report_database_win.cc(426)] unexpected header
[0207/205950.566:ERROR:crash_report_database_win.cc(426)] unexpected header
[0207/205950.566:ERROR:crash_report_database_win.cc(426)] unexpected header
[0207/210255.343:ERROR:crash_report_database_win.cc(426)] unexpected header
[0207/210450.566:ERROR:crash_report_database_win.cc(426)] unexpected header
[0207/210805.438:ERROR:crash_report_database_win.cc(426)] unexpected header
[0207/210821.920:ERROR:crash_report_database_win.cc(426)] unexpected header
[0207/210821.920:ERROR:crash_report_database_win.cc(426)] unexpected header
[0207/211326.226:ERROR:crash_report_database_win.cc(426)] unexpected header
[0207/212153.600:ERROR:crash_report_database_win.cc(426)] unexpected header
[0207/212707.387:ERROR:crash_report_database_win.cc(426)] unexpected header
[0207/212927.515:ERROR:crash_report_database_win.cc(426)] unexpected header
[0207/213014.814:ERROR:crash_report_database_win.cc(426)] unexpected header
[0207/213231.027:ERROR:crash_report_database_win.cc(426)] unexpected header
[0207/213832.556:ERROR:crash_report_database_win.cc(426)] unexpected header
[0207/214231.027:ERROR:crash_report_database_win.cc(426)] unexpected header
[0207/214231.027:ERROR:crash_report_database_win.cc(426)] unexpected header
[0207/214731.028:ERROR:crash_report_database_win.cc(426)] unexpected header
[0207/214832.557:ERROR:crash_report_database_win.cc(426)] unexpected header
[0207/214832.557:ERROR:crash_report_database_win.cc(426)] unexpected header
[0207/215332.556:ERROR:crash_report_database_win.cc(426)] unexpected header
[0207/220231.028:ERROR:crash_report_database_win.cc(426)] unexpected header
[0207/220832.557:ERROR:crash_report_database_win.cc(426)] unexpected header
[0207/221731.029:ERROR:crash_report_database_win.cc(426)] unexpected header
[0207/222332.557:ERROR:crash_report_database_win.cc(426)] unexpected header
[0207/223231.030:ERROR:crash_report_database_win.cc(426)] unexpected header
[0207/223832.557:ERROR:crash_report_database_win.cc(426)] unexpected header
[0208/030307.509:ERROR:crash_report_database_win.cc(426)] unexpected header
[0208/030909.036:ERROR:crash_report_database_win.cc(426)] unexpected header
[0208/031807.509:ERROR:crash_report_database_win.cc(426)] unexpected header
[0208/032409.036:ERROR:crash_report_database_win.cc(426)] unexpected header
[0208/091029.424:ERROR:crash_report_database_win.cc(426)] unexpected header
[0208/091040.902:ERROR:crash_report_database_win.cc(426)] unexpected header
[0208/091341.645:ERROR:crash_report_database_win.cc(426)] unexpected header
[0208/091345.783:ERROR:crash_report_database_win.cc(426)] unexpected header
[0208/091414.313:ERROR:crash_report_database_win.cc(426)] unexpected header
[0208/092115.148:ERROR:crash_report_database_win.cc(426)] unexpected header
[0208/092414.314:ERROR:crash_report_database_win.cc(426)] unexpected header
[0208/092414.314:ERROR:crash_report_database_win.cc(426)] unexpected header
[0208/092749.962:ERROR:crash_report_database_win.cc(426)] unexpected header
[0208/093256.903:ERROR:crash_report_database_win.cc(426)] unexpected header
[0208/094256.904:ERROR:crash_report_database_win.cc(426)] unexpected header
[0208/094256.904:ERROR:crash_report_database_win.cc(426)] unexpected header
[0208/094756.904:ERROR:crash_report_database_win.cc(426)] unexpected header
[0208/100256.904:ERROR:crash_report_database_win.cc(426)] unexpected header
[0208/101111.721:ERROR:crash_report_database_win.cc(426)] unexpected header
[0208/101756.905:ERROR:crash_report_database_win.cc(426)] unexpected header
[0208/101900.405:ERROR:crash_report_database_win.cc(426)] unexpected header
[0208/102225.605:ERROR:crash_report_database_win.cc(426)] unexpected header
[0208/102643.505:ERROR:crash_report_database_win.cc(426)] unexpected header
[0208/102704.534:ERROR:crash_report_database_win.cc(426)] unexpected header
[0208/103240.865:ERROR:crash_report_database_win.cc(426)] unexpected header
[0208/103643.504:ERROR:crash_report_database_win.cc(426)] unexpected header
[0208/103643.504:ERROR:crash_report_database_win.cc(426)] unexpected header
[0208/103704.530:ERROR:crash_report_database_win.cc(426)] unexpected header
[0208/103704.530:ERROR:crash_report_database_win.cc(426)] unexpected header
[0208/104012.226:ERROR:crash_report_database_win.cc(426)] unexpected header
[0208/104716.272:ERROR:crash_report_database_win.cc(426)] unexpected header
[0208/105716.272:ERROR:crash_report_database_win.cc(426)] unexpected header
[0208/105716.272:ERROR:crash_report_database_win.cc(426)] unexpected header
[0208/105820.407:ERROR:crash_report_database_win.cc(426)] unexpected header
[0208/110216.272:ERROR:crash_report_database_win.cc(426)] unexpected header
[0208/110820.407:ERROR:crash_report_database_win.cc(426)] unexpected header
[0208/110820.407:ERROR:crash_report_database_win.cc(426)] unexpected header
[0208/111003.255:ERROR:crash_report_database_win.cc(426)] unexpected header
[0208/111444.765:ERROR:crash_report_database_win.cc(426)] unexpected header
[0208/111814.372:ERROR:crash_report_database_win.cc(426)] unexpected header
[0208/112814.373:ERROR:crash_report_database_win.cc(426)] unexpected header
[0208/112814.373:ERROR:crash_report_database_win.cc(426)] unexpected header
[0208/113045.688:ERROR:crash_report_database_win.cc(426)] unexpected header
[0208/113131.215:ERROR:crash_report_database_win.cc(426)] unexpected header
[0208/113950.470:ERROR:crash_report_database_win.cc(426)] unexpected header
[0208/114131.216:ERROR:crash_report_database_win.cc(426)] unexpected header
[0208/114131.216:ERROR:crash_report_database_win.cc(426)] unexpected header
[0208/114950.470:ERROR:crash_report_database_win.cc(426)] unexpected header
[0208/114950.470:ERROR:crash_report_database_win.cc(426)] unexpected header
[0208/115450.471:ERROR:crash_report_database_win.cc(426)] unexpected header
[0208/120131.621:ERROR:crash_report_database_win.cc(426)] unexpected header
[0208/121131.623:ERROR:crash_report_database_win.cc(426)] unexpected header
[0208/121131.623:ERROR:crash_report_database_win.cc(426)] unexpected header
[0208/121631.621:ERROR:crash_report_database_win.cc(426)] unexpected header
[0208/122608.810:ERROR:crash_report_database_win.cc(426)] unexpected header
[0208/123541.905:ERROR:crash_report_database_win.cc(426)] unexpected header
[0208/123608.810:ERROR:crash_report_database_win.cc(426)] unexpected header
[0208/123608.810:ERROR:crash_report_database_win.cc(426)] unexpected header
[0208/123942.694:ERROR:crash_report_database_win.cc(426)] unexpected header
[0208/124042.482:ERROR:crash_report_database_win.cc(426)] unexpected header
[0208/124541.906:ERROR:crash_report_database_win.cc(426)] unexpected header
[0208/124541.906:ERROR:crash_report_database_win.cc(426)] unexpected header
[0208/125019.134:ERROR:crash_report_database_win.cc(426)] unexpected header
[0208/125327.974:ERROR:crash_report_database_win.cc(426)] unexpected header
[0208/130019.137:ERROR:crash_report_database_win.cc(426)] unexpected header
[0208/130019.138:ERROR:crash_report_database_win.cc(426)] unexpected header
[0208/130206.332:ERROR:crash_report_database_win.cc(426)] unexpected header
[0208/130420.331:ERROR:crash_report_database_win.cc(426)] unexpected header
[0208/131254.608:ERROR:crash_report_database_win.cc(426)] unexpected header
[0208/131407.033:ERROR:crash_report_database_win.cc(426)] unexpected header
[0208/131632.697:ERROR:crash_report_database_win.cc(426)] unexpected header
[0208/131655.045:ERROR:crash_report_database_win.cc(426)] unexpected header
[0208/132106.618:ERROR:crash_report_database_win.cc(426)] unexpected header
[0208/132456.177:ERROR:crash_report_database_win.cc(426)] unexpected header
[0208/132739.499:ERROR:crash_report_database_win.cc(426)] unexpected header
[0208/133739.499:ERROR:crash_report_database_win.cc(426)] unexpected header
[0208/133739.499:ERROR:crash_report_database_win.cc(426)] unexpected header
[0208/134239.502:ERROR:crash_report_database_win.cc(426)] unexpected header
[0208/135739.506:ERROR:crash_report_database_win.cc(426)] unexpected header
[0208/141239.506:ERROR:crash_report_database_win.cc(426)] unexpected header
[0208/141349.957:ERROR:crash_report_database_win.cc(426)] unexpected header
[0208/141801.735:ERROR:crash_report_database_win.cc(426)] unexpected header
[0208/141942.601:ERROR:crash_report_database_win.cc(426)] unexpected header
[0208/142755.840:ERROR:crash_report_database_win.cc(426)] unexpected header
[0208/143202.230:ERROR:crash_report_database_win.cc(426)] unexpected header
[0208/143517.832:ERROR:crash_report_database_win.cc(426)] unexpected header
[0208/143757.704:ERROR:crash_report_database_win.cc(426)] unexpected header
[0208/144045.172:ERROR:crash_report_database_win.cc(426)] unexpected header
[0208/144109.841:ERROR:crash_report_database_win.cc(426)] unexpected header
[0208/144420.925:ERROR:crash_report_database_win.cc(426)] unexpected header
[0208/144852.471:ERROR:crash_report_database_win.cc(426)] unexpected header
[0208/145226.147:ERROR:crash_report_database_win.cc(426)] unexpected header
[0208/145705.500:ERROR:crash_report_database_win.cc(426)] unexpected header
[0208/150212.657:ERROR:crash_report_database_win.cc(426)] unexpected header
[0208/150553.642:ERROR:crash_report_database_win.cc(426)] unexpected header
[0208/150705.500:ERROR:crash_report_database_win.cc(426)] unexpected header
[0208/150705.500:ERROR:crash_report_database_win.cc(426)] unexpected header
[0208/151129.464:ERROR:crash_report_database_win.cc(426)] unexpected header
[0208/151159.255:ERROR:crash_report_database_win.cc(426)] unexpected header
[0208/151205.501:ERROR:crash_report_database_win.cc(426)] unexpected header
[0208/151516.798:ERROR:crash_report_database_win.cc(426)] unexpected header
[0208/152159.254:ERROR:crash_report_database_win.cc(426)] unexpected header
[0208/152159.254:ERROR:crash_report_database_win.cc(426)] unexpected header
[0208/152227.549:ERROR:crash_report_database_win.cc(426)] unexpected header
[0208/152438.017:ERROR:crash_report_database_win.cc(426)] unexpected header
[0208/152705.501:ERROR:crash_report_database_win.cc(426)] unexpected header
[0208/153008.630:ERROR:crash_report_database_win.cc(426)] unexpected header
[0208/153326.701:ERROR:crash_report_database_win.cc(426)] unexpected header
[0208/153950.984:ERROR:crash_report_database_win.cc(426)] unexpected header
[0208/154205.501:ERROR:crash_report_database_win.cc(426)] unexpected header
[0208/154349.314:ERROR:crash_report_database_win.cc(426)] unexpected header
[0208/154610.412:ERROR:crash_report_database_win.cc(426)] unexpected header
[0208/155349.315:ERROR:crash_report_database_win.cc(426)] unexpected header
[0208/155349.315:ERROR:crash_report_database_win.cc(426)] unexpected header
[0208/155610.413:ERROR:crash_report_database_win.cc(426)] unexpected header
[0208/155610.413:ERROR:crash_report_database_win.cc(426)] unexpected header
[0208/155726.274:ERROR:crash_report_database_win.cc(426)] unexpected header
[0208/160110.413:ERROR:crash_report_database_win.cc(426)] unexpected header
[0208/161552.380:ERROR:crash_report_database_win.cc(426)] unexpected header
[0208/161610.413:ERROR:crash_report_database_win.cc(426)] unexpected header
[0208/162552.380:ERROR:crash_report_database_win.cc(426)] unexpected header
[0208/162552.380:ERROR:crash_report_database_win.cc(426)] unexpected header
[0208/163052.380:ERROR:crash_report_database_win.cc(426)] unexpected header
[0208/163200.244:ERROR:crash_report_database_win.cc(426)] unexpected header
[0208/163507.644:ERROR:crash_report_database_win.cc(426)] unexpected header
[0208/163714.723:ERROR:crash_report_database_win.cc(426)] unexpected header
[0208/163917.894:ERROR:crash_report_database_win.cc(426)] unexpected header
[0208/164132.962:ERROR:crash_report_database_win.cc(426)] unexpected header
[0208/164342.914:ERROR:crash_report_database_win.cc(426)] unexpected header
[0208/164600.208:ERROR:crash_report_database_win.cc(426)] unexpected header
[0208/165353.127:ERROR:crash_report_database_win.cc(426)] unexpected header
[0208/165619.521:ERROR:crash_report_database_win.cc(426)] unexpected header
[0208/170228.700:ERROR:crash_report_database_win.cc(426)] unexpected header
[0208/170433.388:ERROR:crash_report_database_win.cc(426)] unexpected header
[0208/170707.943:ERROR:crash_report_database_win.cc(426)] unexpected header
[0208/171707.945:ERROR:crash_report_database_win.cc(426)] unexpected header
[0208/171707.945:ERROR:crash_report_database_win.cc(426)] unexpected header
[0208/172138.411:ERROR:crash_report_database_win.cc(426)] unexpected header
[0208/172903.769:ERROR:crash_report_database_win.cc(426)] unexpected header
[0208/173138.410:ERROR:crash_report_database_win.cc(426)] unexpected header
[0208/173138.410:ERROR:crash_report_database_win.cc(426)] unexpected header
[0208/173638.411:ERROR:crash_report_database_win.cc(426)] unexpected header
[0208/173657.655:ERROR:crash_report_database_win.cc(426)] unexpected header
[0208/173841.853:ERROR:crash_report_database_win.cc(426)] unexpected header
[0208/174021.312:ERROR:crash_report_database_win.cc(426)] unexpected header
[0208/174039.140:ERROR:crash_report_database_win.cc(426)] unexpected header
[0208/174221.608:ERROR:crash_report_database_win.cc(426)] unexpected header
[0208/175221.611:ERROR:crash_report_database_win.cc(426)] unexpected header
[0208/175221.611:ERROR:crash_report_database_win.cc(426)] unexpected header
[0208/175721.610:ERROR:crash_report_database_win.cc(426)] unexpected header
[0208/181221.624:ERROR:crash_report_database_win.cc(426)] unexpected header
