#
# A fatal error has been detected by the Java Runtime Environment:
#
#  EXCEPTION_ACCESS_VIOLATION (0xc0000005) at pc=0x0000000057e500e1, pid=4916, tid=3872
#
# JRE version: Java(TM) SE Runtime Environment (8.0_91-b15) (build 1.8.0_91-b15)
# Java VM: Java HotSpot(TM) 64-Bit Server VM (25.91-b15 mixed mode windows-amd64 compressed oops)
# Problematic frame:
# V  [jvm.dll+0x4300e1]
#
# Failed to write core dump. Minidumps are not enabled by default on client versions of Windows
#
# If you would like to submit a bug report, please visit:
#   http://bugreport.java.com/bugreport/crash.jsp
#

---------------  T H R E A D  ---------------

Current thread (0x0000000016cd9000):  JavaThread "C1 CompilerThread2" daemon [_thread_in_native, id=3872, stack(0x0000000018510000,0x0000000018610000)]

siginfo: ExceptionCode=0xc0000005, reading address 0x000000005a0517a0

Registers:
RAX=0x000000005a051798, RBX=0x000000001860ef40, RCX=0x00000000189d8fd0, RDX=0x000000001860ef40
RSP=0x000000001860eec0, RBP=0x000000000000006f, RSI=0x00000000189d8fd0, RDI=0x0000000000000020
R8 =0x0000000000000003, R9 =0x0000000000000000, R10=0x0000000018cc909c, R11=0x000000001860edd0
R12=0x00000000189d7a10, R13=0x0000000016c961d0, R14=0x0000000016cd9a50, R15=0x0000000016cd9a90
RIP=0x0000000057e500e1, EFLAGS=0x0000000000010246

Top of Stack: (sp=0x000000001860eec0)
0x000000001860eec0:   000000001860ef40 00000000189d8d70
0x000000001860eed0:   000000001860ef40 00000000189d78d0
0x000000001860eee0:   0000000018765cf0 0000000057e508ec
0x000000001860eef0:   000000001895d510 000000001860ef40
0x000000001860ef00:   0000000000000093 0000000000000088
0x000000001860ef10:   00000000ffffffff 0000000057e29e81
0x000000001860ef20:   000000001860f150 0000000000000000
0x000000001860ef30:   00000000581ec750 0000000018cc4010
0x000000001860ef40:   0000000018cc4010 0000000018cc4030
0x000000001860ef50:   00000000020ee610 000000001860f150
0x000000001860ef60:   00000000187b6630 0000000000000000
0x000000001860ef70:   0000000000000000 0000000000000000
0x000000001860ef80:   0001b251ffffffff 000000000001c851
0x000000001860ef90:   0000000200000004 0000000000000000
0x000000001860efa0:   0000bcfbbd02003f 0000000000000004
0x000000001860efb0:   00000000187b6630 0000000057e2a5aa 

Instructions: (pc=0x0000000057e500e1)
0x0000000057e500c1:   48 8d 15 a0 9c 22 00 e8 63 96 fd ff 48 8b 43 18
0x0000000057e500d1:   48 83 78 60 00 75 2e 48 8b 06 48 8b d3 48 8b ce
0x0000000057e500e1:   ff 50 08 48 8b 4b 18 e8 63 93 fd ff 80 78 08 00
0x0000000057e500f1:   74 0b 48 8b d6 48 8b cb e8 b2 f6 ff ff 48 ff c7 


Register to memory mapping:

RAX=0x000000005a051798 is an unknown value
RBX=0x000000001860ef40 is pointing into the stack for thread: 0x0000000016cd9000
RCX=0x00000000189d8fd0 is an unknown value
RDX=0x000000001860ef40 is pointing into the stack for thread: 0x0000000016cd9000
RSP=0x000000001860eec0 is pointing into the stack for thread: 0x0000000016cd9000
RBP=0x000000000000006f is an unknown value
RSI=0x00000000189d8fd0 is an unknown value
RDI=0x0000000000000020 is an unknown value
R8 =0x0000000000000003 is an unknown value
R9 =0x0000000000000000 is an unknown value
R10=0x0000000018cc909c is an unknown value
R11=0x000000001860edd0 is pointing into the stack for thread: 0x0000000016cd9000
R12=0x00000000189d7a10 is an unknown value
R13=0x0000000016c961d0 is an unknown value
R14=0x0000000016cd9a50 is an unknown value
R15=0x0000000016cd9a90 is an unknown value


Stack: [0x0000000018510000,0x0000000018610000],  sp=0x000000001860eec0,  free space=1019k
Native frames: (J=compiled Java code, j=interpreted, Vv=VM code, C=native code)
V  [jvm.dll+0x4300e1]
V  [jvm.dll+0x4308ec]
V  [jvm.dll+0x409e81]
V  [jvm.dll+0x40a5aa]
V  [jvm.dll+0x40a682]
V  [jvm.dll+0x40a851]
V  [jvm.dll+0x40aa5f]
V  [jvm.dll+0xa4be2]
V  [jvm.dll+0xa551f]
V  [jvm.dll+0x243ae4]
V  [jvm.dll+0x29a99a]
C  [msvcr100.dll+0x21d9f]
C  [msvcr100.dll+0x21e3b]
C  [KERNEL32.DLL+0x15bd]
C  [ntdll.dll+0x743d1]


Current CompileTask:
C1:    298  245       3       java.net.URLStreamHandler::parseURL (1158 bytes)


---------------  P R O C E S S  ---------------

Java Threads: ( => current thread )
  0x00000000188df000 JavaThread "ReaderThread" [_thread_in_native, id=4152, stack(0x00000000196f0000,0x00000000197f0000)]
  0x0000000016d2c800 JavaThread "Service Thread" daemon [_thread_blocked, id=3688, stack(0x0000000018a10000,0x0000000018b10000)]
=>0x0000000016cd9000 JavaThread "C1 CompilerThread2" daemon [_thread_in_native, id=3872, stack(0x0000000018510000,0x0000000018610000)]
  0x0000000016cd6000 JavaThread "C2 CompilerThread1" daemon [_thread_blocked, id=3140, stack(0x0000000018410000,0x0000000018510000)]
  0x0000000016ccf800 JavaThread "C2 CompilerThread0" daemon [_thread_blocked, id=3128, stack(0x0000000018310000,0x0000000018410000)]
  0x0000000016cce000 JavaThread "Attach Listener" daemon [_thread_blocked, id=1708, stack(0x0000000018210000,0x0000000018310000)]
  0x0000000016ccd000 JavaThread "Signal Dispatcher" daemon [_thread_blocked, id=4544, stack(0x0000000018110000,0x0000000018210000)]
  0x0000000016cba800 JavaThread "Finalizer" daemon [_thread_blocked, id=3260, stack(0x0000000017f30000,0x0000000018030000)]
  0x00000000021d1000 JavaThread "Reference Handler" daemon [_thread_blocked, id=2288, stack(0x0000000017e30000,0x0000000017f30000)]
  0x00000000020e2800 JavaThread "main" [_thread_in_vm, id=3320, stack(0x0000000001fe0000,0x00000000020e0000)]

Other Threads:
  0x0000000016c97000 VMThread [stack: 0x0000000017d30000,0x0000000017e30000] [id=5388]
  0x0000000018643000 WatcherThread [stack: 0x0000000018b10000,0x0000000018c10000] [id=5808]

VM state:not at safepoint (normal execution)

VM Mutex/Monitor currently owned by a thread: None

Heap:
 PSYoungGen      total 37888K, used 9899K [0x00000000d6000000, 0x00000000d8a00000, 0x0000000100000000)
  eden space 32768K, 30% used [0x00000000d6000000,0x00000000d69aae98,0x00000000d8000000)
  from space 5120K, 0% used [0x00000000d8500000,0x00000000d8500000,0x00000000d8a00000)
  to   space 5120K, 0% used [0x00000000d8000000,0x00000000d8000000,0x00000000d8500000)
 ParOldGen       total 86016K, used 0K [0x0000000082000000, 0x0000000087400000, 0x00000000d6000000)
  object space 86016K, 0% used [0x0000000082000000,0x0000000082000000,0x0000000087400000)
 Metaspace       used 6821K, capacity 6950K, committed 7040K, reserved 1056768K
  class space    used 822K, capacity 849K, committed 896K, reserved 1048576K

Card table byte_map: [0x00000000115a0000,0x00000000119a0000] byte_map_base: 0x0000000011190000

Marking Bits: (ParMarkBitMap*) 0x0000000058232f70
 Begin Bits: [0x0000000012040000, 0x0000000013fc0000)
 End Bits:   [0x0000000013fc0000, 0x0000000015f40000)

Polling page: 0x0000000001ee0000

CodeCache: size=245760Kb used=1625Kb max_used=1637Kb free=244134Kb
 bounds [0x00000000021e0000, 0x0000000002450000, 0x00000000111e0000]
 total_blobs=555 nmethods=255 adapters=213
 compilation: enabled

Compilation events (10 events):
Event: 0.171 Thread 0x0000000016cd9000 nmethod 238 0x0000000002369a10 code [0x0000000002369b80, 0x0000000002369ea8]
Event: 0.172 Thread 0x0000000016cd9000  239   !   3       java.util.zip.InflaterInputStream::read (138 bytes)
Event: 0.173 Thread 0x0000000016cd9000 nmethod 239 0x000000000236b090 code [0x000000000236b300, 0x000000000236c3e8]
Event: 0.173 Thread 0x0000000016cd9000  240       3       java.util.zip.InflaterInputStream::ensureOpen (18 bytes)
Event: 0.173 Thread 0x0000000016cd9000 nmethod 240 0x00000000023691d0 code [0x0000000002369340, 0x0000000002369588]
Event: 0.173 Thread 0x0000000016cd9000  242   !   3       java.util.zip.Inflater::ended (32 bytes)
Event: 0.173 Thread 0x0000000016cd9000 nmethod 242 0x0000000002368b50 code [0x0000000002368cc0, 0x0000000002369090]
Event: 0.173 Thread 0x0000000016ccf800  243       4       java.util.concurrent.ConcurrentHashMap::setTabAt (19 bytes)
Event: 0.173 Thread 0x0000000016ccf800 nmethod 243 0x0000000002359f50 code [0x000000000235a080, 0x000000000235a0f8]
Event: 0.173 Thread 0x0000000016cd9000  245       3       java.net.URLStreamHandler::parseURL (1158 bytes)

GC Heap History (0 events):
No events

Deoptimization events (0 events):
No events

Internal exceptions (8 events):
Event: 0.025 Thread 0x00000000020e2800 Exception <a 'java/lang/NoSuchMethodError': Method sun.misc.Unsafe.defineClass(Ljava/lang/String;[BII)Ljava/lang/Class; name or signature does not match> (0x00000000d6007cc0) thrown at [C:\re\workspace\8-2-build-windows-amd64-cygwin\jdk8u91\7017\hotspot\sr~B¡¹«c™?
Event: 0.025 Thread 0x00000000020e2800 Exception <a 'java/lang/NoSuchMethodError': Method sun.misc.Unsafe.prefetchRead(Ljava/lang/Object;J)V name or signature does not match> (0x00000000d6007fa8) thrown at [C:\re\workspace\8-2-build-windows-amd64-cygwin\jdk8u91\7017\hotspot\src\share\vm\prims\jƒör—À?
Event: 0.130 Thread 0x00000000020e2800 Exception <a 'java/lang/ArrayIndexOutOfBoundsException'> (0x00000000d62e1340) thrown at [C:\re\workspace\8-2-build-windows-amd64-cygwin\jdk8u91\7017\hotspot\src\share\vm\runtime\sharedRuntime.cpp, line 605]
Event: 0.130 Thread 0x00000000020e2800 Exception <a 'java/lang/ArrayIndexOutOfBoundsException'> (0x00000000d62e2248) thrown at [C:\re\workspace\8-2-build-windows-amd64-cygwin\jdk8u91\7017\hotspot\src\share\vm\runtime\sharedRuntime.cpp, line 605]
Event: 0.135 Thread 0x00000000020e2800 Exception <a 'java/security/PrivilegedActionException'> (0x00000000d62ff3b0) thrown at [C:\re\workspace\8-2-build-windows-amd64-cygwin\jdk8u91\7017\hotspot\src\share\vm\prims\jvm.cpp, line 1386]
Event: 0.135 Thread 0x00000000020e2800 Exception <a 'java/security/PrivilegedActionException'> (0x00000000d62ff5c0) thrown at [C:\re\workspace\8-2-build-windows-amd64-cygwin\jdk8u91\7017\hotspot\src\share\vm\prims\jvm.cpp, line 1386]
Event: 0.136 Thread 0x00000000020e2800 Exception <a 'java/security/PrivilegedActionException'> (0x00000000d6303168) thrown at [C:\re\workspace\8-2-build-windows-amd64-cygwin\jdk8u91\7017\hotspot\src\share\vm\prims\jvm.cpp, line 1386]
Event: 0.136 Thread 0x00000000020e2800 Exception <a 'java/security/PrivilegedActionException'> (0x00000000d6303378) thrown at [C:\re\workspace\8-2-build-windows-amd64-cygwin\jdk8u91\7017\hotspot\src\share\vm\prims\jvm.cpp, line 1386]

Events (10 events):
Event: 0.210 loading class com/sun/xml/internal/stream/util/ThreadLocalBufferAllocator
Event: 0.210 loading class com/sun/xml/internal/stream/util/ThreadLocalBufferAllocator done
Event: 0.210 loading class com/sun/xml/internal/stream/util/BufferAllocator
Event: 0.210 loading class com/sun/xml/internal/stream/util/BufferAllocator done
Event: 0.210 loading class com/sun/xml/internal/stream/Entity$ScannedEntity
Event: 0.210 loading class com/sun/xml/internal/stream/Entity
Event: 0.210 loading class com/sun/xml/internal/stream/Entity done
Event: 0.210 loading class com/sun/xml/internal/stream/Entity$ScannedEntity done
Event: 0.210 loading class com/sun/org/apache/xerces/internal/util/XMLChar
Event: 0.210 loading class com/sun/org/apache/xerces/internal/util/XMLChar done


Dynamic libraries:
0x00007ff767520000 - 0x00007ff767557000 	C:\Program Files\Java\jre1.8.0_91\bin\javaw.exe
0x00007ffe90cb0000 - 0x00007ffe90e59000 	C:\Windows\SYSTEM32\ntdll.dll
0x00007ffe909d0000 - 0x00007ffe90b09000 	C:\Windows\system32\KERNEL32.DLL
0x00007ffe8e1a0000 - 0x00007ffe8e2ae000 	C:\Windows\system32\KERNELBASE.dll
0x00007ffe8bed0000 - 0x00007ffe8bf5b000 	C:\Windows\system32\apphelp.dll
0x00007ffe88970000 - 0x00007ffe889bc000 	C:\Windows\AppPatch\AppPatch64\AcGenral.DLL
0x00007ffe900d0000 - 0x00007ffe90177000 	C:\Windows\system32\msvcrt.dll
0x00007ffe8de10000 - 0x00007ffe8de3b000 	C:\Windows\SYSTEM32\SspiCli.dll
0x00007ffe8fa50000 - 0x00007ffe8faa1000 	C:\Windows\system32\SHLWAPI.dll
0x00007ffe8ff50000 - 0x00007ffe900c1000 	C:\Windows\system32\USER32.dll
0x00007ffe904a0000 - 0x00007ffe90616000 	C:\Windows\system32\ole32.dll
0x00007ffe8e540000 - 0x00007ffe8f94f000 	C:\Windows\system32\SHELL32.dll
0x00007ffe8d600000 - 0x00007ffe8d61f000 	C:\Windows\SYSTEM32\USERENV.dll
0x00007ffe907c0000 - 0x00007ffe90865000 	C:\Windows\system32\ADVAPI32.dll
0x00007ffe83470000 - 0x00007ffe8348b000 	C:\Windows\SYSTEM32\MPR.dll
0x00007ffe90880000 - 0x00007ffe909b6000 	C:\Windows\system32\RPCRT4.dll
0x00007ffe8fb00000 - 0x00007ffe8fb57000 	C:\Windows\SYSTEM32\sechost.dll
0x00007ffe8fb60000 - 0x00007ffe8fd37000 	C:\Windows\SYSTEM32\combase.dll
0x00007ffe8fe00000 - 0x00007ffe8ff45000 	C:\Windows\system32\GDI32.dll
0x00007ffe8e030000 - 0x00007ffe8e044000 	C:\Windows\SYSTEM32\profapi.dll
0x00007ffe8c7a0000 - 0x00007ffe8c841000 	C:\Windows\SYSTEM32\SHCORE.dll
0x00007ffe8fac0000 - 0x00007ffe8faf4000 	C:\Windows\system32\IMM32.DLL
0x00007ffe90680000 - 0x00007ffe907b8000 	C:\Windows\system32\MSCTF.dll
0x00007ffe8c340000 - 0x00007ffe8c59a000 	C:\Windows\WinSxS\amd64_microsoft.windows.common-controls_6595b64144ccf1df_6.0.9600.16384_none_62475f7becb72503\COMCTL32.dll
0x0000000057870000 - 0x0000000057942000 	C:\Program Files\Java\jre1.8.0_91\bin\msvcr100.dll
0x0000000057a20000 - 0x00000000582b3000 	C:\Program Files\Java\jre1.8.0_91\bin\server\jvm.dll
0x00007ffe85810000 - 0x00007ffe85819000 	C:\Windows\SYSTEM32\WSOCK32.dll
0x00007ffe878e0000 - 0x00007ffe878ff000 	C:\Windows\SYSTEM32\WINMM.dll
0x00007ffe873d0000 - 0x00007ffe873da000 	C:\Windows\SYSTEM32\VERSION.dll
0x00007ffe8fab0000 - 0x00007ffe8fab7000 	C:\Windows\system32\PSAPI.DLL
0x00007ffe90230000 - 0x00007ffe90288000 	C:\Windows\system32\WS2_32.dll
0x00007ffe86740000 - 0x00007ffe8676a000 	C:\Windows\SYSTEM32\WINMMBASE.dll
0x00007ffe90870000 - 0x00007ffe90879000 	C:\Windows\system32\NSI.dll
0x00007ffe8e150000 - 0x00007ffe8e19a000 	C:\Windows\SYSTEM32\cfgmgr32.dll
0x00007ffe8ceb0000 - 0x00007ffe8ced6000 	C:\Windows\SYSTEM32\DEVOBJ.dll
0x0000000057a10000 - 0x0000000057a1f000 	C:\Program Files\Java\jre1.8.0_91\bin\verify.dll
0x00000000579e0000 - 0x0000000057a09000 	C:\Program Files\Java\jre1.8.0_91\bin\java.dll
0x00000000579c0000 - 0x00000000579d6000 	C:\Program Files\Java\jre1.8.0_91\bin\zip.dll
0x00000000579a0000 - 0x00000000579ba000 	C:\Program Files\Java\jre1.8.0_91\bin\net.dll
0x00007ffe8d8e0000 - 0x00007ffe8d938000 	C:\Windows\system32\mswsock.dll
0x00007ffe8d6f0000 - 0x00007ffe8d793000 	C:\Windows\SYSTEM32\DNSAPI.dll
0x00007ffe87320000 - 0x00007ffe87329000 	C:\Windows\System32\rasadhlp.dll
0x00007ffe88090000 - 0x00007ffe880f7000 	C:\Windows\System32\fwpuclnt.dll
0x00007ffe75d70000 - 0x00007ffe75ef8000 	C:\Windows\SYSTEM32\dbghelp.dll
0x00007ffe8d940000 - 0x00007ffe8d95e000 	C:\Windows\SYSTEM32\CRYPTSP.dll
0x00007ffe8d4f0000 - 0x00007ffe8d525000 	C:\Windows\system32\rsaenh.dll
0x00007ffe8db70000 - 0x00007ffe8db96000 	C:\Windows\SYSTEM32\bcrypt.dll
0x00007ffe8de40000 - 0x00007ffe8de9e000 	C:\Windows\system32\bcryptprimitives.dll
0x00007ffe8dfa0000 - 0x00007ffe8dfaa000 	C:\Windows\SYSTEM32\CRYPTBASE.dll
0x00007ffe88be0000 - 0x00007ffe88c09000 	C:\Windows\SYSTEM32\IPHLPAPI.DLL
0x00007ffe88bd0000 - 0x00007ffe88bda000 	C:\Windows\SYSTEM32\WINNSI.DLL
0x00007ffe88170000 - 0x00007ffe88184000 	C:\Windows\SYSTEM32\dhcpcsvc6.DLL
0x00007ffe88150000 - 0x00007ffe88169000 	C:\Windows\SYSTEM32\dhcpcsvc.DLL
0x0000000057980000 - 0x0000000057991000 	C:\Program Files\Java\jre1.8.0_91\bin\nio.dll

VM Arguments:
jvm_args: -ea -Dfile.encoding=Cp1252 
java_command: org.testng.remote.RemoteTestNG -serport 56724 -protocol json -d C:\Users\sitaraman\Desktop\salesforce worksace\SmokeAutomation\test-output C:\Users\SITARA~1\AppData\Local\Temp\testng-eclipse-599739742\testng-customsuite.xml
java_class_path (initial): C:\Users\sitaraman\Desktop\eclipse\eclipse\eclipse\plugins\org.testng.eclipse_6.9.11.201604020423\lib\testng-remote.jar;C:\Users\sitaraman\Desktop\salesforce worksace\SmokeAutomation\target\test-classes;C:\Users\sitaraman\Desktop\salesforce worksace\SmokeAutomation\target\classes;C:\Users\sitaraman\Desktop\eclipse\eclipse\eclipse\plugins\org.testng.eclipse_6.9.11.201604020423\lib\testng.jar;C:\Users\sitaraman\Desktop\eclipse\eclipse\eclipse\plugins\org.testng.eclipse_6.9.11.201604020423\lib\jcommander.jar;C:\Users\sitaraman\Desktop\eclipse\eclipse\eclipse\plugins\org.testng.eclipse_6.9.11.201604020423\lib\bsh-2.0b4.jar;C:\Users\sitaraman\Desktop\eclipse\eclipse\eclipse\plugins\org.testng.eclipse_6.9.11.201604020423\lib\snakeyaml.jar;C:\Users\sitaraman\.m2\repository;C:\Users\sitaraman\Desktop\salesforce worksace\Package Automation\target\classes;C:\Users\sitaraman\Desktop\salesforce worksace\Package Automation\target\test-classes;C:\Users\sitaraman\.m2\repository\org\testng\testng\6.9.10\testng-6.9.10.jar;C:\Users\sitaraman\.m2\repository\com\beust\jcommander\1.48\jcommander-1.48.jar;C:\Users\sitaraman\.m2\repository\org\beanshell\bsh\2.0b4\bsh-2.0b4.jar;C:\Users\sitaraman\.m2\repository\org\seleniumhq\selenium\selenium-java\2.53.0\selenium-java-2.53.0.jar;C:\Users\sitaraman\.m2\repository\org\seleniumhq\selenium\selenium-chrome-driver\2.53.0\selenium-chrome-driver-2.53.0.jar;C:\Users\sitaraman\.m2\repository\org\seleniumhq\selenium\selenium-edge-driver\2.53.0\selenium-edge-driver-2.53.0.jar;C:\Users\sitaraman\.m2\repository\org\seleniumhq\selenium\selenium-ie-driver\2.53.0\selenium-ie-driver-2.53.0.jar;C:\Users\sitaraman\.m2\repository\net\java\dev\jna\jna\4.1.0\jna-4.1.0.jar;C:\Users\sitaraman\.m2\repository\net\java\dev\jna\jna-platform\4.1.0\jna-platform-4.1.0.jar;C:\Users\sitaraman\.m2\repository\org\seleniumhq\selenium\selenium-safari-driver\2.53.0\selenium-safari-driver-2.53.0.jar;C:\Users\sitaraman\.m2\repository\io\netty\netty\3
Launcher Type: SUN_STANDARD

Environment Variables:
PATH=C:/Program Files/Java/jre1.8.0_91/bin/server;C:/Program Files/Java/jre1.8.0_91/bin;C:/Program Files/Java/jre1.8.0_91/lib/amd64;C:\ProgramData\Oracle\Java\javapath;C:\Windows\system32;C:\Windows;C:\Windows\System32\Wbem;C:\Windows\System32\WindowsPowerShell\v1.0\;c:\Program Files\Microsoft SQL Server\110\Tools\Binn\;c:\Program Files (x86)\Microsoft SQL Server\110\Tools\Binn\ManagementStudio\;c:\Program Files (x86)\Microsoft SQL Server\110\Tools\Binn\;c:\Program Files (x86)\Microsoft SQL Server\110\DTS\Binn\;C:\Program Files (x86)\Skype\Phone\;C:\Users\sitaraman\Desktop\eclipse\eclipse\eclipse;
USERNAME=sitaraman
OS=Windows_NT
PROCESSOR_IDENTIFIER=Intel64 Family 6 Model 60 Stepping 3, GenuineIntel



---------------  S Y S T E M  ---------------

OS: Windows 8.1 , 64 bit Build 9600 (6.3.9600.16408)

CPU:total 4 (4 cores per cpu, 1 threads per core) family 6 model 60 stepping 3, cmov, cx8, fxsr, mmx, sse, sse2, sse3, ssse3, sse4.1, sse4.2, popcnt, avx, avx2, aes, clmul, erms, lzcnt, tsc, tscinvbit, bmi1, bmi2

Memory: 4k page, physical 8256824k(5895284k free), swap 16646276k(13723160k free)

vm_info: Java HotSpot(TM) 64-Bit Server VM (25.91-b15) for windows-amd64 JRE (1.8.0_91-b15), built on May 20 2016 17:43:15 by "java_re" with MS VC++ 10.0 (VS2010)

time: Thu Jun 02 09:29:48 2016
elapsed time: 0 seconds (0d 0h 0m 0s)

