#
# A fatal error has been detected by the Java Runtime Environment:
#
#  EXCEPTION_ACCESS_VIOLATION (0xc0000005) at pc=0x0000000057ebcaf0, pid=4480, tid=4172
#
# JRE version: Java(TM) SE Runtime Environment (8.0_91-b15) (build 1.8.0_91-b15)
# Java VM: Java HotSpot(TM) 64-Bit Server VM (25.91-b15 mixed mode windows-amd64 compressed oops)
# Problematic frame:
# V  [jvm.dll+0x49caf0]
#
# Failed to write core dump. Minidumps are not enabled by default on client versions of Windows
#
# If you would like to submit a bug report, please visit:
#   http://bugreport.java.com/bugreport/crash.jsp
#

---------------  T H R E A D  ---------------

Current thread (0x000000001799f800):  JavaThread "C2 CompilerThread0" daemon [_thread_in_native, id=4172, stack(0x0000000018f00000,0x0000000019000000)]

siginfo: ExceptionCode=0xc0000005, reading address 0x000000005a2336a8

Registers:
RAX=0x0000000000000000, RBX=0x0000000000007230, RCX=0x000000005a2336a8, RDX=0x0000000000000000
RSP=0x0000000018ffbfd0, RBP=0x000000000000000c, RSI=0x0000000000000060, RDI=0x0000000018ffc110
R8 =0x0000000000100000, R9 =0x0000000000000105, R10=0x0000000057a20000, R11=0x0000000018ffbfd0
R12=0x0000000018ffc5d0, R13=0x000000001aad2160, R14=0x0000000057a20000, R15=0x0000000000000000
RIP=0x0000000057ebcaf0, EFLAGS=0x0000000000010246

Top of Stack: (sp=0x0000000018ffbfd0)
0x0000000018ffbfd0:   0000000000000002 000000001ab80d40
0x0000000018ffbfe0:   000000001aad2160 000000001ab81688
0x0000000018ffbff0:   000000001c14c050 0000000057eb8c60
0x0000000018ffc000:   0000000018ffc100 0000000000007230
0x0000000018ffc010:   0000000018ffc100 0000000000000002
0x0000000018ffc020:   0000000100000000 00007ffe00000007
0x0000000018ffc030:   000000001ab80d40 0000010100000000
0x0000000018ffc040:   0000008100000006 0000000000000005
0x0000000018ffc050:   0000000005155455 0000000000000000
0x0000000018ffc060:   0000000000000000 0000000000000000
0x0000000018ffc070:   0000000000000000 0000202300000000
0x0000000018ffc080:   0303030300000008 00000000192fb460
0x0000000018ffc090:   0000000000000027 0000000019a78080
0x0000000018ffc0a0:   0000000000000027 0000000018ffc150
0x0000000018ffc0b0:   0000000000000001 0000000000000001
0x0000000018ffc0c0:   0000000000c00000 0000000000000000 

Instructions: (pc=0x0000000057ebcaf0)
0x0000000057ebcad0:   48 8b 4f 20 48 39 04 0e 0f 84 9d 00 00 00 48 8b
0x0000000057ebcae0:   0c 0e 33 d2 33 c0 48 89 4f 10 66 0f 1f 44 00 00
0x0000000057ebcaf0:   83 3c 08 00 0f 85 36 01 00 00 ff c2 48 83 c0 04
0x0000000057ebcb00:   83 fa 08 72 eb 48 8b 47 30 48 89 44 24 30 48 85 


Register to memory mapping:

RAX=0x0000000000000000 is an unknown value
RBX=0x0000000000007230 is an unknown value
RCX=0x000000005a2336a8 is an unknown value
RDX=0x0000000000000000 is an unknown value
RSP=0x0000000018ffbfd0 is pointing into the stack for thread: 0x000000001799f800
RBP=0x000000000000000c is an unknown value
RSI=0x0000000000000060 is an unknown value
RDI=0x0000000018ffc110 is pointing into the stack for thread: 0x000000001799f800
R8 =0x0000000000100000 is an unknown value
R9 =0x0000000000000105 is an unknown value
R10=0x0000000057a20000 is an unknown value
R11=0x0000000018ffbfd0 is pointing into the stack for thread: 0x000000001799f800
R12=0x0000000018ffc5d0 is pointing into the stack for thread: 0x000000001799f800
R13=0x000000001aad2160 is an unknown value
R14=0x0000000057a20000 is an unknown value
R15=0x0000000000000000 is an unknown value


Stack: [0x0000000018f00000,0x0000000019000000],  sp=0x0000000018ffbfd0,  free space=1007k
Native frames: (J=compiled Java code, j=interpreted, Vv=VM code, C=native code)
V  [jvm.dll+0x49caf0]
V  [jvm.dll+0x498c60]
V  [jvm.dll+0x464678]
V  [jvm.dll+0x46f55b]
V  [jvm.dll+0x471b72]
V  [jvm.dll+0x454ce2]
V  [jvm.dll+0xa4be2]
V  [jvm.dll+0xa551f]
V  [jvm.dll+0x243ae4]
V  [jvm.dll+0x29a99a]
C  [msvcr100.dll+0x21d9f]
C  [msvcr100.dll+0x21e3b]
C  [KERNEL32.DLL+0x15bd]
C  [ntdll.dll+0x743d1]


Current CompileTask:
C2: 288337 2442       4       com.google.gson.internal.bind.TypeAdapters$25::write (256 bytes)


---------------  P R O C E S S  ---------------

Java Threads: ( => current thread )
  0x000000001a897000 JavaThread "Exec Stream Pumper" daemon [_thread_in_native, id=5988, stack(0x000000001bbb0000,0x000000001bcb0000)]
  0x0000000019d9e000 JavaThread "Exec Stream Pumper" daemon [_thread_in_native, id=4352, stack(0x000000001bab0000,0x000000001bbb0000)]
  0x000000001a9dc000 JavaThread "Exec Default Executor" daemon [_thread_in_native, id=5608, stack(0x000000001b9b0000,0x000000001bab0000)]
  0x00000000198dd000 JavaThread "ReaderThread" [_thread_in_native, id=5568, stack(0x000000001a2e0000,0x000000001a3e0000)]
  0x00000000179fc800 JavaThread "Service Thread" daemon [_thread_blocked, id=1952, stack(0x0000000019600000,0x0000000019700000)]
  0x00000000179a9000 JavaThread "C1 CompilerThread2" daemon [_thread_blocked, id=5636, stack(0x0000000019100000,0x0000000019200000)]
  0x00000000179a2800 JavaThread "C2 CompilerThread1" daemon [_thread_blocked, id=5764, stack(0x0000000019000000,0x0000000019100000)]
=>0x000000001799f800 JavaThread "C2 CompilerThread0" daemon [_thread_in_native, id=4172, stack(0x0000000018f00000,0x0000000019000000)]
  0x000000001799e000 JavaThread "Attach Listener" daemon [_thread_blocked, id=552, stack(0x0000000018e00000,0x0000000018f00000)]
  0x000000001799d000 JavaThread "Signal Dispatcher" daemon [_thread_blocked, id=340, stack(0x0000000018d00000,0x0000000018e00000)]
  0x000000001798a800 JavaThread "Finalizer" daemon [_thread_blocked, id=5828, stack(0x0000000018c00000,0x0000000018d00000)]
  0x0000000002db1000 JavaThread "Reference Handler" daemon [_thread_blocked, id=2928, stack(0x0000000018b00000,0x0000000018c00000)]
  0x0000000002cc2800 JavaThread "Forwarding getElementText on session b876d2c9-f699-4a4b-a02e-9f4bb94f793d to remote" [_thread_in_native, id=3828, stack(0x0000000002b80000,0x0000000002c80000)]

Other Threads:
  0x0000000017967800 VMThread [stack: 0x0000000018a00000,0x0000000018b00000] [id=5748]
  0x000000001925c000 WatcherThread [stack: 0x0000000019700000,0x0000000019800000] [id=3164]

VM state:not at safepoint (normal execution)

VM Mutex/Monitor currently owned by a thread: None

Heap:
 PSYoungGen      total 37888K, used 35981K [0x00000000d6000000, 0x00000000d8a00000, 0x0000000100000000)
  eden space 32768K, 94% used [0x00000000d6000000,0x00000000d7e47460,0x00000000d8000000)
  from space 5120K, 97% used [0x00000000d8000000,0x00000000d84dc070,0x00000000d8500000)
  to   space 5120K, 0% used [0x00000000d8500000,0x00000000d8500000,0x00000000d8a00000)
 ParOldGen       total 86016K, used 2025K [0x0000000082000000, 0x0000000087400000, 0x00000000d6000000)
  object space 86016K, 2% used [0x0000000082000000,0x00000000821fa618,0x0000000087400000)
 Metaspace       used 17380K, capacity 17578K, committed 17920K, reserved 1064960K
  class space    used 2100K, capacity 2182K, committed 2304K, reserved 1048576K

Card table byte_map: [0x0000000012270000,0x0000000012670000] byte_map_base: 0x0000000011e60000

Marking Bits: (ParMarkBitMap*) 0x0000000058232f70
 Begin Bits: [0x0000000012d10000, 0x0000000014c90000)
 End Bits:   [0x0000000014c90000, 0x0000000016c10000)

Polling page: 0x0000000001380000

CodeCache: size=245760Kb used=8340Kb max_used=8352Kb free=237419Kb
 bounds [0x0000000002eb0000, 0x00000000036e0000, 0x0000000011eb0000]
 total_blobs=2806 nmethods=2429 adapters=289
 compilation: enabled

Compilation events (10 events):
Event: 287.895 Thread 0x00000000179a9000 nmethod 2441 0x00000000036da790 code [0x00000000036da8e0, 0x00000000036daa10]
Event: 287.914 Thread 0x000000001799f800 2442       4       com.google.gson.internal.bind.TypeAdapters$25::write (256 bytes)
Event: 287.914 Thread 0x00000000179a2800 2443       4       com.google.gson.internal.LinkedTreeMap$LinkedTreeMapIterator::hasNext (20 bytes)
Event: 287.915 Thread 0x00000000179a2800 nmethod 2443 0x00000000036ad150 code [0x00000000036ad280, 0x00000000036ad318]
Event: 287.946 Thread 0x00000000179a2800 2444       4       org.apache.http.client.protocol.HttpClientContext::getRequestConfig (25 bytes)
Event: 287.952 Thread 0x00000000179a2800 nmethod 2444 0x00000000036d6b90 code [0x00000000036d6d20, 0x00000000036d7358]
Event: 287.952 Thread 0x00000000179a2800 2445       4       org.apache.http.message.BasicListHeaderIterator::hasNext (13 bytes)
Event: 287.953 Thread 0x00000000179a2800 nmethod 2445 0x000000000364e990 code [0x000000000364eac0, 0x000000000364eb38]
Event: 288.039 Thread 0x00000000179a2800 2446       4       java.net.DualStackPlainSocketImpl::checkAndReturnNativeFD (40 bytes)
Event: 288.040 Thread 0x00000000179a2800 nmethod 2446 0x00000000036d7ad0 code [0x00000000036d7c20, 0x00000000036d7d38]

GC Heap History (6 events):
Event: 1.383 GC heap before
{Heap before GC invocations=1 (full 0):
 PSYoungGen      total 37888K, used 32768K [0x00000000d6000000, 0x00000000d8a00000, 0x0000000100000000)
  eden space 32768K, 100% used [0x00000000d6000000,0x00000000d8000000,0x00000000d8000000)
  from space 5120K, 0% used [0x00000000d8500000,0x00000000d8500000,0x00000000d8a00000)
  to   space 5120K, 0% used [0x00000000d8000000,0x00000000d8000000,0x00000000d8500000)
 ParOldGen       total 86016K, used 0K [0x0000000082000000, 0x0000000087400000, 0x00000000d6000000)
  object space 86016K, 0% used [0x0000000082000000,0x0000000082000000,0x0000000087400000)
 Metaspace       used 11513K, capacity 11608K, committed 11776K, reserved 1058816K
  class space    used 1433K, capacity 1458K, committed 1536K, reserved 1048576K
Event: 1.388 GC heap after
Heap after GC invocations=1 (full 0):
 PSYoungGen      total 37888K, used 5112K [0x00000000d6000000, 0x00000000d8a00000, 0x0000000100000000)
  eden space 32768K, 0% used [0x00000000d6000000,0x00000000d6000000,0x00000000d8000000)
  from space 5120K, 99% used [0x00000000d8000000,0x00000000d84fe1d8,0x00000000d8500000)
  to   space 5120K, 0% used [0x00000000d8500000,0x00000000d8500000,0x00000000d8a00000)
 ParOldGen       total 86016K, used 419K [0x0000000082000000, 0x0000000087400000, 0x00000000d6000000)
  object space 86016K, 0% used [0x0000000082000000,0x0000000082068e30,0x0000000087400000)
 Metaspace       used 11513K, capacity 11608K, committed 11776K, reserved 1058816K
  class space    used 1433K, capacity 1458K, committed 1536K, reserved 1048576K
}
Event: 9.119 GC heap before
{Heap before GC invocations=2 (full 0):
 PSYoungGen      total 37888K, used 37880K [0x00000000d6000000, 0x00000000d8a00000, 0x0000000100000000)
  eden space 32768K, 100% used [0x00000000d6000000,0x00000000d8000000,0x00000000d8000000)
  from space 5120K, 99% used [0x00000000d8000000,0x00000000d84fe1d8,0x00000000d8500000)
  to   space 5120K, 0% used [0x00000000d8500000,0x00000000d8500000,0x00000000d8a00000)
 ParOldGen       total 86016K, used 419K [0x0000000082000000, 0x0000000087400000, 0x00000000d6000000)
  object space 86016K, 0% used [0x0000000082000000,0x0000000082068e30,0x0000000087400000)
 Metaspace       used 16229K, capacity 16452K, committed 16512K, reserved 1062912K
  class space    used 2072K, capacity 2149K, committed 2176K, reserved 1048576K
Event: 9.124 GC heap after
Heap after GC invocations=2 (full 0):
 PSYoungGen      total 37888K, used 5097K [0x00000000d6000000, 0x00000000d8a00000, 0x0000000100000000)
  eden space 32768K, 0% used [0x00000000d6000000,0x00000000d6000000,0x00000000d8000000)
  from space 5120K, 99% used [0x00000000d8500000,0x00000000d89fa488,0x00000000d8a00000)
  to   space 5120K, 0% used [0x00000000d8000000,0x00000000d8000000,0x00000000d8500000)
 ParOldGen       total 86016K, used 2009K [0x0000000082000000, 0x0000000087400000, 0x00000000d6000000)
  object space 86016K, 2% used [0x0000000082000000,0x00000000821f6618,0x0000000087400000)
 Metaspace       used 16229K, capacity 16452K, committed 16512K, reserved 1062912K
  class space    used 2072K, capacity 2149K, committed 2176K, reserved 1048576K
}
Event: 243.730 GC heap before
{Heap before GC invocations=3 (full 0):
 PSYoungGen      total 37888K, used 37865K [0x00000000d6000000, 0x00000000d8a00000, 0x0000000100000000)
  eden space 32768K, 100% used [0x00000000d6000000,0x00000000d8000000,0x00000000d8000000)
  from space 5120K, 99% used [0x00000000d8500000,0x00000000d89fa488,0x00000000d8a00000)
  to   space 5120K, 0% used [0x00000000d8000000,0x00000000d8000000,0x00000000d8500000)
 ParOldGen       total 86016K, used 2009K [0x0000000082000000, 0x0000000087400000, 0x00000000d6000000)
  object space 86016K, 2% used [0x0000000082000000,0x00000000821f6618,0x0000000087400000)
 Metaspace       used 17124K, capacity 17322K, committed 17664K, reserved 1064960K
  class space    used 2099K, capacity 2182K, committed 2304K, reserved 1048576K
Event: 243.735 GC heap after
Heap after GC invocations=3 (full 0):
 PSYoungGen      total 37888K, used 4976K [0x00000000d6000000, 0x00000000d8a00000, 0x0000000100000000)
  eden space 32768K, 0% used [0x00000000d6000000,0x00000000d6000000,0x00000000d8000000)
  from space 5120K, 97% used [0x00000000d8000000,0x00000000d84dc070,0x00000000d8500000)
  to   space 5120K, 0% used [0x00000000d8500000,0x00000000d8500000,0x00000000d8a00000)
 ParOldGen       total 86016K, used 2025K [0x0000000082000000, 0x0000000087400000, 0x00000000d6000000)
  object space 86016K, 2% used [0x0000000082000000,0x00000000821fa618,0x0000000087400000)
 Metaspace       used 17124K, capacity 17322K, committed 17664K, reserved 1064960K
  class space    used 2099K, capacity 2182K, committed 2304K, reserved 1048576K
}

Deoptimization events (10 events):
Event: 1.413 Thread 0x0000000002cc2800 Uncommon trap: reason=unstable_if action=reinterpret pc=0x0000000003001ca8 method=java.lang.String.startsWith(Ljava/lang/String;I)Z @ 25
Event: 1.460 Thread 0x0000000002cc2800 Uncommon trap: reason=unstable_if action=reinterpret pc=0x00000000031be85c method=java.lang.CharacterDataLatin1.digit(II)I @ 82
Event: 1.591 Thread 0x0000000002cc2800 Uncommon trap: reason=unstable_if action=reinterpret pc=0x0000000003032da8 method=java.lang.String.replace(CC)Ljava/lang/String; @ 2
Event: 2.000 Thread 0x0000000019d9e000 Uncommon trap: reason=unstable_if action=reinterpret pc=0x000000000329480c method=org.openqa.selenium.io.CircularOutputStream.write(I)V @ 9
Event: 2.055 Thread 0x0000000019d9e000 Uncommon trap: reason=unstable_if action=reinterpret pc=0x0000000003299464 method=org.openqa.selenium.io.CircularOutputStream.write(I)V @ 52
Event: 6.005 Thread 0x0000000002cc2800 Uncommon trap: reason=unstable_if action=reinterpret pc=0x000000000327d228 method=java.util.concurrent.ConcurrentHashMap.putVal(Ljava/lang/Object;Ljava/lang/Object;Z)Ljava/lang/Object; @ 181
Event: 6.060 Thread 0x0000000002cc2800 Uncommon trap: reason=unstable_if action=reinterpret pc=0x000000000329ab74 method=java.lang.String.regionMatches(ZILjava/lang/String;II)Z @ 123
Event: 6.060 Thread 0x0000000002cc2800 Uncommon trap: reason=unstable_if action=reinterpret pc=0x0000000003161b8c method=java.lang.String.regionMatches(ZILjava/lang/String;II)Z @ 123
Event: 9.135 Thread 0x00000000198dd000 Uncommon trap: reason=unstable_if action=reinterpret pc=0x00000000032784b4 method=java.io.BufferedReader.readLine(Z)Ljava/lang/String; @ 22
Event: 9.135 Thread 0x00000000198dd000 Uncommon trap: reason=unstable_if action=reinterpret pc=0x000000000327b028 method=java.io.BufferedReader.readLine(Z)Ljava/lang/String; @ 22

Internal exceptions (10 events):
Event: 0.149 Thread 0x0000000002cc2800 Exception <a 'java/security/PrivilegedActionException'> (0x00000000d6303378) thrown at [C:\re\workspace\8-2-build-windows-amd64-cygwin\jdk8u91\7017\hotspot\src\share\vm\prims\jvm.cpp, line 1386]
Event: 0.434 Thread 0x0000000002cc2800 Exception <a 'java/lang/ArrayIndexOutOfBoundsException': 65> (0x00000000d6e92808) thrown at [C:\re\workspace\8-2-build-windows-amd64-cygwin\jdk8u91\7017\hotspot\src\share\vm\interpreter\interpreterRuntime.cpp, line 366]
Event: 0.435 Thread 0x0000000002cc2800 Exception <a 'java/lang/ArrayIndexOutOfBoundsException': 60> (0x00000000d6e981f0) thrown at [C:\re\workspace\8-2-build-windows-amd64-cygwin\jdk8u91\7017\hotspot\src\share\vm\interpreter\interpreterRuntime.cpp, line 366]
Event: 0.999 Thread 0x0000000002cc2800 Implicit null exception at 0x0000000003090356 to 0x0000000003090685
Event: 1.390 Thread 0x0000000002cc2800 Exception <a 'java/lang/NoClassDefFoundError': org/apache/log4j/Priority> (0x00000000d6005e78) thrown at [C:\re\workspace\8-2-build-windows-amd64-cygwin\jdk8u91\7017\hotspot\src\share\vm\classfile\systemDictionary.cpp, line 199]
Event: 1.449 Thread 0x0000000002cc2800 Exception <a 'java/lang/NoSuchFieldError': method resolution failed> (0x00000000d6254668) thrown at [C:\re\workspace\8-2-build-windows-amd64-cygwin\jdk8u91\7017\hotspot\src\share\vm\prims\methodHandles.cpp, line 1146]
Event: 1.450 Thread 0x0000000002cc2800 Exception <a 'java/lang/NoSuchFieldError': method resolution failed> (0x00000000d62620f8) thrown at [C:\re\workspace\8-2-build-windows-amd64-cygwin\jdk8u91\7017\hotspot\src\share\vm\prims\methodHandles.cpp, line 1146]
Event: 2.598 Thread 0x0000000002cc2800 Exception <a 'java/net/ConnectException': Connection refused: connect> (0x00000000d735ff68) thrown at [C:\re\workspace\8-2-build-windows-amd64-cygwin\jdk8u91\7017\hotspot\src\share\vm\prims\jni.cpp, line 735]
Event: 3.699 Thread 0x0000000002cc2800 Exception <a 'java/net/ConnectException': Connection refused: connect> (0x00000000d73615b0) thrown at [C:\re\workspace\8-2-build-windows-amd64-cygwin\jdk8u91\7017\hotspot\src\share\vm\prims\jni.cpp, line 735]
Event: 4.802 Thread 0x0000000002cc2800 Exception <a 'java/net/ConnectException': Connection refused: connect> (0x00000000d7362bf8) thrown at [C:\re\workspace\8-2-build-windows-amd64-cygwin\jdk8u91\7017\hotspot\src\share\vm\prims\jni.cpp, line 735]

Events (10 events):
Event: 243.737 Thread 0x00000000179a9000 flushing nmethod 0x0000000002fc8890
Event: 243.737 Thread 0x00000000179a9000 flushing nmethod 0x0000000002fcc210
Event: 243.737 Thread 0x00000000179a9000 flushing nmethod 0x0000000002fd4550
Event: 243.737 Thread 0x00000000179a9000 flushing nmethod 0x0000000002fd6850
Event: 244.502 Thread 0x0000000002cc2800 DEOPT PACKING pc=0x00000000033d433b sp=0x0000000002c7d130
Event: 244.502 Thread 0x0000000002cc2800 DEOPT UNPACKING pc=0x0000000002ef787f sp=0x0000000002c7cf78 mode 0
Event: 246.545 loading class java/util/ArrayList$1
Event: 246.545 loading class java/util/ArrayList$1 done
Event: 249.453 loading class java/lang/Class$EnclosingMethodInfo
Event: 249.454 loading class java/lang/Class$EnclosingMethodInfo done


Dynamic libraries:
0x00007ff654080000 - 0x00007ff6540b7000 	C:\Program Files\Java\jre1.8.0_91\bin\javaw.exe
0x00007ffe90cb0000 - 0x00007ffe90e59000 	C:\Windows\SYSTEM32\ntdll.dll
0x00007ffe909d0000 - 0x00007ffe90b09000 	C:\Windows\system32\KERNEL32.DLL
0x00007ffe8e1a0000 - 0x00007ffe8e2ae000 	C:\Windows\system32\KERNELBASE.dll
0x00007ffe8bed0000 - 0x00007ffe8bf5b000 	C:\Windows\system32\apphelp.dll
0x00007ffe846b0000 - 0x00007ffe846fc000 	C:\Windows\AppPatch\AppPatch64\AcGenral.DLL
0x00007ffe900d0000 - 0x00007ffe90177000 	C:\Windows\system32\msvcrt.dll
0x00007ffe8de10000 - 0x00007ffe8de3b000 	C:\Windows\SYSTEM32\SspiCli.dll
0x00007ffe8fa50000 - 0x00007ffe8faa1000 	C:\Windows\system32\SHLWAPI.dll
0x00007ffe8ff50000 - 0x00007ffe900c1000 	C:\Windows\system32\USER32.dll
0x00007ffe904a0000 - 0x00007ffe90616000 	C:\Windows\system32\ole32.dll
0x00007ffe8e540000 - 0x00007ffe8f94f000 	C:\Windows\system32\SHELL32.dll
0x00007ffe8d600000 - 0x00007ffe8d61f000 	C:\Windows\SYSTEM32\USERENV.dll
0x00007ffe907c0000 - 0x00007ffe90865000 	C:\Windows\system32\ADVAPI32.dll
0x00007ffe83470000 - 0x00007ffe8348b000 	C:\Windows\SYSTEM32\MPR.dll
0x00007ffe90880000 - 0x00007ffe909b6000 	C:\Windows\system32\RPCRT4.dll
0x00007ffe8fb00000 - 0x00007ffe8fb57000 	C:\Windows\SYSTEM32\sechost.dll
0x00007ffe8fb60000 - 0x00007ffe8fd37000 	C:\Windows\SYSTEM32\combase.dll
0x00007ffe8fe00000 - 0x00007ffe8ff45000 	C:\Windows\system32\GDI32.dll
0x00007ffe8e030000 - 0x00007ffe8e044000 	C:\Windows\SYSTEM32\profapi.dll
0x00007ffe8c7a0000 - 0x00007ffe8c841000 	C:\Windows\SYSTEM32\SHCORE.dll
0x00007ffe8fac0000 - 0x00007ffe8faf4000 	C:\Windows\system32\IMM32.DLL
0x00007ffe90680000 - 0x00007ffe907b8000 	C:\Windows\system32\MSCTF.dll
0x00007ffe8c340000 - 0x00007ffe8c59a000 	C:\Windows\WinSxS\amd64_microsoft.windows.common-controls_6595b64144ccf1df_6.0.9600.16384_none_62475f7becb72503\COMCTL32.dll
0x0000000057870000 - 0x0000000057942000 	C:\Program Files\Java\jre1.8.0_91\bin\msvcr100.dll
0x0000000057a20000 - 0x00000000582b3000 	C:\Program Files\Java\jre1.8.0_91\bin\server\jvm.dll
0x00007ffe8b930000 - 0x00007ffe8b939000 	C:\Windows\SYSTEM32\WSOCK32.dll
0x00007ffe88d30000 - 0x00007ffe88d4f000 	C:\Windows\SYSTEM32\WINMM.dll
0x00007ffe873d0000 - 0x00007ffe873da000 	C:\Windows\SYSTEM32\VERSION.dll
0x00007ffe8fab0000 - 0x00007ffe8fab7000 	C:\Windows\system32\PSAPI.DLL
0x00007ffe90230000 - 0x00007ffe90288000 	C:\Windows\system32\WS2_32.dll
0x00007ffe88d00000 - 0x00007ffe88d2a000 	C:\Windows\SYSTEM32\WINMMBASE.dll
0x00007ffe90870000 - 0x00007ffe90879000 	C:\Windows\system32\NSI.dll
0x00007ffe8e150000 - 0x00007ffe8e19a000 	C:\Windows\SYSTEM32\cfgmgr32.dll
0x00007ffe8ceb0000 - 0x00007ffe8ced6000 	C:\Windows\SYSTEM32\DEVOBJ.dll
0x0000000057a10000 - 0x0000000057a1f000 	C:\Program Files\Java\jre1.8.0_91\bin\verify.dll
0x00000000579e0000 - 0x0000000057a09000 	C:\Program Files\Java\jre1.8.0_91\bin\java.dll
0x00000000579c0000 - 0x00000000579d6000 	C:\Program Files\Java\jre1.8.0_91\bin\zip.dll
0x00000000579a0000 - 0x00000000579ba000 	C:\Program Files\Java\jre1.8.0_91\bin\net.dll
0x00007ffe8d8e0000 - 0x00007ffe8d938000 	C:\Windows\system32\mswsock.dll
0x00007ffe8d6f0000 - 0x00007ffe8d793000 	C:\Windows\SYSTEM32\DNSAPI.dll
0x00007ffe87320000 - 0x00007ffe87329000 	C:\Windows\System32\rasadhlp.dll
0x00007ffe88090000 - 0x00007ffe880f7000 	C:\Windows\System32\fwpuclnt.dll
0x00007ffe8d940000 - 0x00007ffe8d95e000 	C:\Windows\SYSTEM32\CRYPTSP.dll
0x00007ffe8d4f0000 - 0x00007ffe8d525000 	C:\Windows\system32\rsaenh.dll
0x00007ffe8db70000 - 0x00007ffe8db96000 	C:\Windows\SYSTEM32\bcrypt.dll
0x00007ffe8de40000 - 0x00007ffe8de9e000 	C:\Windows\system32\bcryptprimitives.dll
0x00007ffe8dfa0000 - 0x00007ffe8dfaa000 	C:\Windows\SYSTEM32\CRYPTBASE.dll
0x00007ffe88be0000 - 0x00007ffe88c09000 	C:\Windows\SYSTEM32\IPHLPAPI.DLL
0x00007ffe88bd0000 - 0x00007ffe88bda000 	C:\Windows\SYSTEM32\WINNSI.DLL
0x00007ffe88170000 - 0x00007ffe88184000 	C:\Windows\SYSTEM32\dhcpcsvc6.DLL
0x00007ffe88150000 - 0x00007ffe88169000 	C:\Windows\SYSTEM32\dhcpcsvc.DLL
0x0000000057980000 - 0x0000000057991000 	C:\Program Files\Java\jre1.8.0_91\bin\nio.dll
0x0000000057950000 - 0x0000000057974000 	C:\Program Files\Java\jre1.8.0_91\bin\sunec.dll
0x00007ffe75d70000 - 0x00007ffe75ef8000 	C:\Windows\SYSTEM32\dbghelp.dll

VM Arguments:
jvm_args: -ea -Dfile.encoding=Cp1252 
java_command: org.testng.remote.RemoteTestNG -serport 59313 -protocol json -d C:\Users\sitaraman\Desktop\salesforce worksace\SmokeAutomation\test-output C:\Users\SITARA~1\AppData\Local\Temp\testng-eclipse-333011344\testng-customsuite.xml
java_class_path (initial): C:\Users\sitaraman\Desktop\eclipse\eclipse\eclipse\plugins\org.testng.eclipse_6.9.11.201604020423\lib\testng-remote.jar;C:\Users\sitaraman\Desktop\salesforce worksace\SmokeAutomation\target\test-classes;C:\Users\sitaraman\Desktop\salesforce worksace\SmokeAutomation\target\classes;C:\Users\sitaraman\Desktop\eclipse\eclipse\eclipse\plugins\org.testng.eclipse_6.9.11.201604020423\lib\testng.jar;C:\Users\sitaraman\Desktop\eclipse\eclipse\eclipse\plugins\org.testng.eclipse_6.9.11.201604020423\lib\jcommander.jar;C:\Users\sitaraman\Desktop\eclipse\eclipse\eclipse\plugins\org.testng.eclipse_6.9.11.201604020423\lib\bsh-2.0b4.jar;C:\Users\sitaraman\Desktop\eclipse\eclipse\eclipse\plugins\org.testng.eclipse_6.9.11.201604020423\lib\snakeyaml.jar;C:\Users\sitaraman\.m2\repository;C:\Users\sitaraman\Desktop\salesforce worksace\Package Automation\target\classes;C:\Users\sitaraman\Desktop\salesforce worksace\Package Automation\target\test-classes;C:\Users\sitaraman\.m2\repository\org\testng\testng\6.9.10\testng-6.9.10.jar;C:\Users\sitaraman\.m2\repository\com\beust\jcommander\1.48\jcommander-1.48.jar;C:\Users\sitaraman\.m2\repository\org\beanshell\bsh\2.0b4\bsh-2.0b4.jar;C:\Users\sitaraman\.m2\repository\org\seleniumhq\selenium\selenium-java\2.53.0\selenium-java-2.53.0.jar;C:\Users\sitaraman\.m2\repository\org\seleniumhq\selenium\selenium-chrome-driver\2.53.0\selenium-chrome-driver-2.53.0.jar;C:\Users\sitaraman\.m2\repository\org\seleniumhq\selenium\selenium-edge-driver\2.53.0\selenium-edge-driver-2.53.0.jar;C:\Users\sitaraman\.m2\repository\org\seleniumhq\selenium\selenium-ie-driver\2.53.0\selenium-ie-driver-2.53.0.jar;C:\Users\sitaraman\.m2\repository\net\java\dev\jna\jna\4.1.0\jna-4.1.0.jar;C:\Users\sitaraman\.m2\repository\net\java\dev\jna\jna-platform\4.1.0\jna-platform-4.1.0.jar;C:\Users\sitaraman\.m2\repository\org\seleniumhq\selenium\selenium-safari-driver\2.53.0\selenium-safari-driver-2.53.0.jar;C:\Users\sitaraman\.m2\repository\io\netty\netty\3
Launcher Type: SUN_STANDARD

Environment Variables:
PATH=C:/Program Files/Java/jre1.8.0_91/bin/server;C:/Program Files/Java/jre1.8.0_91/bin;C:/Program Files/Java/jre1.8.0_91/lib/amd64;C:\ProgramData\Oracle\Java\javapath;C:\Windows\system32;C:\Windows;C:\Windows\System32\Wbem;C:\Windows\System32\WindowsPowerShell\v1.0\;c:\Program Files\Microsoft SQL Server\110\Tools\Binn\;c:\Program Files (x86)\Microsoft SQL Server\110\Tools\Binn\ManagementStudio\;c:\Program Files (x86)\Microsoft SQL Server\110\Tools\Binn\;c:\Program Files (x86)\Microsoft SQL Server\110\DTS\Binn\;C:\Program Files (x86)\Skype\Phone\;C:\Users\sitaraman\Desktop\eclipse\eclipse\eclipse;
USERNAME=sitaraman
OS=Windows_NT
PROCESSOR_IDENTIFIER=Intel64 Family 6 Model 60 Stepping 3, GenuineIntel



---------------  S Y S T E M  ---------------

OS: Windows 8.1 , 64 bit Build 9600 (6.3.9600.16408)

CPU:total 4 (4 cores per cpu, 1 threads per core) family 6 model 60 stepping 3, cmov, cx8, fxsr, mmx, sse, sse2, sse3, ssse3, sse4.1, sse4.2, popcnt, avx, avx2, aes, clmul, erms, lzcnt, tsc, tscinvbit, bmi1, bmi2

Memory: 4k page, physical 8256824k(4746220k free), swap 16646276k(12525020k free)

vm_info: Java HotSpot(TM) 64-Bit Server VM (25.91-b15) for windows-amd64 JRE (1.8.0_91-b15), built on May 20 2016 17:43:15 by "java_re" with MS VC++ 10.0 (VS2010)

time: Wed Jun 01 17:14:29 2016
elapsed time: 288 seconds (0d 0h 4m 48s)

